<?xml version="1.0" encoding="UTF-8"?>
<!-- Generated by org.testng.reporters.JUnitReportReporter -->
<testsuite hostname="Tareq" failures="0" tests="1" name="test2pack.day2" time="0.002" errors="0" timestamp="2023-09-11T19:33:05 EDT" skipped="0">
  <testcase classname="test2pack.day2" name="demoe2e" time="0.002"/>
</testsuite> <!-- test2pack.day2 -->
