<?xml version="1.0" encoding="UTF-8"?>
<!-- Generated by org.testng.reporters.JUnitReportReporter -->
<testsuite hostname="Tareq" failures="0" tests="2" name="test2pack.day1" time="0.014" errors="0" timestamp="2023-09-11T20:43:20 EDT" skipped="0">
  <testcase classname="test2pack.day1" name="demo" time="0.002"/>
  <testcase classname="test2pack.day1" name="SecondTest" time="0.012"/>
</testsuite> <!-- test2pack.day1 -->
