<?xml version="1.0" encoding="UTF-8"?>
<!-- Generated by org.testng.reporters.JUnitReportReporter -->
<testsuite hostname="Tareq" failures="0" tests="1" name="test.day2" time="0.002" errors="0" timestamp="2023-09-12T02:16:44 EDT" skipped="0">
  <testcase classname="test.day2" name="ploan" time="0.002"/>
</testsuite> <!-- test.day2 -->
